<?xml version="1.0" encoding="UTF-8"?>
<testng-results ignored="0" total="15" passed="15" failed="0" skipped="0">
  <reporter-output>
  </reporter-output>
  <suite started-at="2024-11-19T09:28:07 IST" name="Default suite" finished-at="2024-11-19T09:28:23 IST" duration-ms="15661">
    <groups>
    </groups>
    <test started-at="2024-11-19T09:28:07 IST" name="Default test" finished-at="2024-11-19T09:28:23 IST" duration-ms="15661">
      <class name="Selenium_testNG.class2Test">
        <test-method is-config="true" signature="navigate()[pri:0, instance:Selenium_testNG.class2Test@6bb2d00b]" started-at="2024-11-19T09:28:07 IST" name="navigate" finished-at="2024-11-19T09:28:13 IST" duration-ms="5933" status="PASS">
          <reporter-output>
          </reporter-output>
        </test-method> <!-- navigate -->
        <test-method signature="firstname()[pri:0, instance:Selenium_testNG.class2Test@6bb2d00b]" started-at="2024-11-19T09:28:13 IST" name="firstname" finished-at="2024-11-19T09:28:14 IST" duration-ms="263" status="PASS">
          <reporter-output>
          </reporter-output>
        </test-method> <!-- firstname -->
        <test-method signature="lastname()[pri:1, instance:Selenium_testNG.class2Test@6bb2d00b]" started-at="2024-11-19T09:28:14 IST" name="lastname" finished-at="2024-11-19T09:28:14 IST" duration-ms="235" status="PASS">
          <reporter-output>
          </reporter-output>
        </test-method> <!-- lastname -->
        <test-method signature="Address()[pri:2, instance:Selenium_testNG.class2Test@6bb2d00b]" started-at="2024-11-19T09:28:14 IST" name="Address" finished-at="2024-11-19T09:28:14 IST" duration-ms="257" status="PASS">
          <reporter-output>
          </reporter-output>
        </test-method> <!-- Address -->
        <test-method signature="email()[pri:3, instance:Selenium_testNG.class2Test@6bb2d00b]" started-at="2024-11-19T09:28:14 IST" name="email" finished-at="2024-11-19T09:28:14 IST" duration-ms="308" status="PASS">
          <reporter-output>
          </reporter-output>
        </test-method> <!-- email -->
        <test-method signature="gender()[pri:5, instance:Selenium_testNG.class2Test@6bb2d00b]" started-at="2024-11-19T09:28:14 IST" name="gender" finished-at="2024-11-19T09:28:14 IST" duration-ms="138" status="PASS">
          <reporter-output>
          </reporter-output>
        </test-method> <!-- gender -->
        <test-method signature="hobbies()[pri:6, instance:Selenium_testNG.class2Test@6bb2d00b]" started-at="2024-11-19T09:28:14 IST" name="hobbies" finished-at="2024-11-19T09:28:15 IST" duration-ms="112" status="PASS">
          <reporter-output>
          </reporter-output>
        </test-method> <!-- hobbies -->
        <test-method signature="lang()[pri:7, instance:Selenium_testNG.class2Test@6bb2d00b]" started-at="2024-11-19T09:28:15 IST" name="lang" finished-at="2024-11-19T09:28:16 IST" duration-ms="1352" status="PASS">
          <reporter-output>
          </reporter-output>
        </test-method> <!-- lang -->
        <test-method signature="skills()[pri:8, instance:Selenium_testNG.class2Test@6bb2d00b]" started-at="2024-11-19T09:28:16 IST" name="skills" finished-at="2024-11-19T09:28:17 IST" duration-ms="1301" status="PASS">
          <reporter-output>
          </reporter-output>
        </test-method> <!-- skills -->
        <test-method signature="country()[pri:9, instance:Selenium_testNG.class2Test@6bb2d00b]" started-at="2024-11-19T09:28:17 IST" name="country" finished-at="2024-11-19T09:28:20 IST" duration-ms="2407" status="PASS">
          <reporter-output>
          </reporter-output>
        </test-method> <!-- country -->
        <test-method signature="year()[pri:10, instance:Selenium_testNG.class2Test@6bb2d00b]" started-at="2024-11-19T09:28:20 IST" name="year" finished-at="2024-11-19T09:28:22 IST" duration-ms="2312" status="PASS">
          <reporter-output>
          </reporter-output>
        </test-method> <!-- year -->
        <test-method signature="month()[pri:11, instance:Selenium_testNG.class2Test@6bb2d00b]" started-at="2024-11-19T09:28:22 IST" name="month" finished-at="2024-11-19T09:28:22 IST" duration-ms="237" status="PASS">
          <reporter-output>
          </reporter-output>
        </test-method> <!-- month -->
        <test-method signature="day()[pri:12, instance:Selenium_testNG.class2Test@6bb2d00b]" started-at="2024-11-19T09:28:22 IST" name="day" finished-at="2024-11-19T09:28:22 IST" duration-ms="302" status="PASS">
          <reporter-output>
          </reporter-output>
        </test-method> <!-- day -->
        <test-method signature="password()[pri:13, instance:Selenium_testNG.class2Test@6bb2d00b]" started-at="2024-11-19T09:28:22 IST" name="password" finished-at="2024-11-19T09:28:23 IST" duration-ms="159" status="PASS">
          <reporter-output>
          </reporter-output>
        </test-method> <!-- password -->
        <test-method signature="cnfrmpass()[pri:14, instance:Selenium_testNG.class2Test@6bb2d00b]" started-at="2024-11-19T09:28:23 IST" name="cnfrmpass" finished-at="2024-11-19T09:28:23 IST" duration-ms="158" status="PASS">
          <reporter-output>
          </reporter-output>
        </test-method> <!-- cnfrmpass -->
        <test-method signature="choose_file()[pri:15, instance:Selenium_testNG.class2Test@6bb2d00b]" started-at="2024-11-19T09:28:23 IST" name="choose_file" finished-at="2024-11-19T09:28:23 IST" duration-ms="67" status="PASS">
          <reporter-output>
          </reporter-output>
        </test-method> <!-- choose_file -->
      </class> <!-- Selenium_testNG.class2Test -->
    </test> <!-- Default test -->
  </suite> <!-- Default suite -->
</testng-results>
